16:23:27.754 [main] DEBUG com.Bayt.HomeTest.FooterTest - Navigated to application URL
16:23:27.801 [main] DEBUG com.Bayt.HomeTest.FooterTest - Browser got closed
16:24:10.289 [main] DEBUG com.Bayt.HomeTest.FooterTest - Navigated to application URL
16:24:10.332 [main] DEBUG com.Bayt.HomeTest.FooterTest - Browser got closed
16:25:51.031 [main] DEBUG com.Bayt.HomeTest.FooterTest - Navigated to application URL
16:25:51.233 [main] DEBUG com.Bayt.HomeTest.FooterTest - Browser got closed
16:29:01.308 [main] DEBUG com.Bayt.HomeTest.FooterTest - Navigated to application URL
16:29:01.433 [main] DEBUG com.Bayt.HomeTest.FooterTest - Browser got closed
16:31:39.317 [main] DEBUG com.Bayt.HomeTest.FooterTest - Navigated to application URL
16:31:39.429 [main] DEBUG com.Bayt.HomeTest.FooterTest - Browser got closed
16:34:43.612 [main] DEBUG com.Bayt.HomeTest.FooterTest - Navigated to application URL
16:34:43.725 [main] DEBUG com.Bayt.HomeTest.FooterTest - Browser got closed
16:36:34.028 [main] DEBUG com.Bayt.HomeTest.FooterTest - Navigated to application URL
16:36:34.223 [main] DEBUG com.Bayt.HomeTest.FooterTest - Browser got closed
00:56:57.849 [main] DEBUG com.Bayt.HomeTest.FooterTest - Navigated to application URL
00:56:58.489 [main] DEBUG com.Bayt.HomeTest.FooterTest - Browser got closed
01:01:22.764 [main] DEBUG com.Bayt.HomeTest.FooterTest - Navigated to application URL
01:01:23.378 [main] DEBUG com.Bayt.HomeTest.FooterTest - Browser got closed
08:16:50.842 [main] DEBUG com.Bayt.HomeTest.FooterTest - Navigated to application URL
08:16:50.967 [main] DEBUG com.Bayt.HomeTest.FooterTest - Browser got closed
08:36:55.852 [main] DEBUG com.Bayt.HomeTest.FooterTest - Navigated to application URL
08:36:58.707 [main] DEBUG com.Bayt.HomeTest.FooterTest - Browser got closed
08:38:43.044 [main] DEBUG com.Bayt.HomeTest.FooterTest - Navigated to application URL
08:38:46.001 [main] DEBUG com.Bayt.HomeTest.FooterTest - Browser got closed
08:39:54.460 [main] DEBUG com.Bayt.HomeTest.FooterTest - Navigated to application URL
08:39:57.830 [main] DEBUG com.Bayt.HomeTest.FooterTest - Browser got closed
08:42:14.307 [main] DEBUG com.Bayt.HomeTest.FooterTest - Navigated to application URL
08:42:17.490 [main] DEBUG com.Bayt.HomeTest.FooterTest - Browser got closed
08:46:04.357 [main] DEBUG com.Bayt.HomeTest.FooterTest - Navigated to application URL
08:46:07.588 [main] DEBUG com.Bayt.HomeTest.FooterTest - Browser got closed
08:46:29.531 [main] DEBUG com.Bayt.HomeTest.FooterTest - Navigated to application URL
08:46:35.152 [main] DEBUG com.Bayt.HomeTest.FooterTest - Browser got closed
08:51:49.716 [main] DEBUG com.Bayt.HomeTest.FooterTest - Navigated to application URL
08:52:01.284 [main] DEBUG com.Bayt.HomeTest.FooterTest - Browser got closed
08:53:08.088 [main] DEBUG com.Bayt.HomeTest.FooterTest - Navigated to application URL
08:53:18.923 [main] DEBUG com.Bayt.HomeTest.FooterTest - Browser got closed
08:55:02.383 [main] DEBUG com.Bayt.HomeTest.FooterTest - Navigated to application URL
08:55:15.394 [main] DEBUG com.Bayt.HomeTest.FooterTest - Browser got closed
08:58:23.986 [main] DEBUG com.Bayt.HomeTest.FooterTest - Navigated to application URL
08:58:31.539 [main] DEBUG com.Bayt.HomeTest.FooterTest - Browser got closed
08:59:04.894 [main] DEBUG com.Bayt.HomeTest.FooterTest - Navigated to application URL
08:59:18.726 [main] DEBUG com.Bayt.HomeTest.FooterTest - Browser got closed
09:00:51.705 [main] DEBUG com.Bayt.HomeTest.FooterTest - Navigated to application URL
09:01:00.053 [main] DEBUG com.Bayt.HomeTest.FooterTest - Browser got closed
09:36:35.632 [main] DEBUG com.Bayt.HomeTest.FooterTest - Navigated to application URL
09:36:39.510 [main] DEBUG com.Bayt.HomeTest.FooterTest - Browser got closed
09:37:58.797 [main] DEBUG com.Bayt.HomeTest.FooterTest - Navigated to application URL
09:38:02.223 [main] DEBUG com.Bayt.HomeTest.FooterTest - Browser got closed
09:41:44.414 [main] DEBUG com.Bayt.HomeTest.FooterTest - Navigated to application URL
09:41:58.152 [main] DEBUG com.Bayt.HomeTest.FooterTest - Browser got closed
09:43:25.625 [main] DEBUG com.Bayt.HomeTest.FooterTest - Navigated to application URL
09:43:39.377 [main] DEBUG com.Bayt.HomeTest.FooterTest - Browser got closed
09:44:28.058 [main] DEBUG com.Bayt.HomeTest.FooterTest - Navigated to application URL
09:44:35.077 [main] DEBUG com.Bayt.HomeTest.FooterTest - Browser got closed
09:46:11.157 [main] DEBUG com.Bayt.HomeTest.FooterTest - Navigated to application URL
09:46:20.279 [main] DEBUG com.Bayt.HomeTest.FooterTest - Browser got closed
09:51:32.284 [main] DEBUG com.Bayt.HomeTest.FooterTest - Navigated to application URL
09:51:38.906 [main] DEBUG com.Bayt.HomeTest.FooterTest - Browser got closed
09:56:46.865 [main] DEBUG com.Bayt.HomeTest.FooterTest - Navigated to application URL
09:56:53.700 [main] DEBUG com.Bayt.HomeTest.FooterTest - Browser got closed
10:02:19.537 [main] DEBUG com.Bayt.HomeTest.FooterTest - Navigated to application URL
10:02:26.877 [main] DEBUG com.Bayt.HomeTest.FooterTest - Browser got closed
10:10:45.045 [main] DEBUG com.Bayt.HomeTest.FooterTest - Navigated to application URL
10:10:51.644 [main] DEBUG com.Bayt.HomeTest.FooterTest - Browser got closed
10:19:58.026 [main] DEBUG com.Bayt.HomeTest.FooterTest - Navigated to application URL
10:19:58.654 [main] DEBUG com.Bayt.HomeTest.FooterTest - Browser got closed
10:21:35.603 [main] DEBUG com.Bayt.HomeTest.FooterTest - Navigated to application URL
10:21:49.070 [main] DEBUG com.Bayt.HomeTest.FooterTest - Browser got closed
10:24:54.280 [main] DEBUG com.Bayt.HomeTest.FooterTest - Navigated to application URL
10:25:08.688 [main] DEBUG com.Bayt.HomeTest.FooterTest - Browser got closed
10:27:22.628 [main] DEBUG com.Bayt.HomeTest.FooterTest - Navigated to application URL
10:27:37.492 [main] DEBUG com.Bayt.HomeTest.FooterTest - Browser got closed
10:29:36.965 [main] DEBUG com.Bayt.HomeTest.FooterTest - Navigated to application URL
10:29:56.811 [main] DEBUG com.Bayt.HomeTest.FooterTest - Browser got closed
13:55:11.777 [main] DEBUG com.Bayt.HomeTest.FooterTest - Navigated to application URL
13:55:11.896 [main] DEBUG com.Bayt.HomeTest.FooterTest - Browser got closed
14:04:07.514 [main] DEBUG com.Bayt.HomeTest.FooterTest - Navigated to application URL
14:04:17.910 [main] DEBUG com.Bayt.HomeTest.FooterTest - Browser got closed
14:05:36.115 [main] DEBUG com.Bayt.HomeTest.FooterTest - Navigated to application URL
14:05:39.321 [main] DEBUG com.Bayt.HomeTest.FooterTest - Browser got closed
14:07:42.998 [main] DEBUG com.Bayt.HomeTest.FooterTest - Navigated to application URL
14:07:52.793 [main] DEBUG com.Bayt.HomeTest.FooterTest - Browser got closed
14:09:45.097 [main] DEBUG com.Bayt.HomeTest.FooterTest - Navigated to application URL
14:09:54.675 [main] DEBUG com.Bayt.HomeTest.FooterTest - Browser got closed
14:11:32.929 [main] DEBUG com.Bayt.HomeTest.FooterTest - Navigated to application URL
14:11:42.793 [main] DEBUG com.Bayt.HomeTest.FooterTest - Browser got closed
14:12:22.959 [main] DEBUG com.Bayt.HomeTest.FooterTest - Navigated to application URL
14:12:51.856 [main] DEBUG com.Bayt.HomeTest.FooterTest - Browser got closed
14:14:10.492 [main] DEBUG com.Bayt.HomeTest.FooterTest - Navigated to application URL
14:14:22.665 [main] DEBUG com.Bayt.HomeTest.FooterTest - Browser got closed
14:22:50.072 [main] DEBUG com.Bayt.HomeTest.FooterTest - Navigated to application URL
14:22:56.874 [main] DEBUG com.Bayt.HomeTest.FooterTest - Browser got closed
14:29:08.453 [main] DEBUG com.Bayt.HomeTest.FooterTest - Navigated to application URL
14:29:19.490 [main] DEBUG com.Bayt.HomeTest.FooterTest - Browser got closed
14:29:57.849 [main] DEBUG com.Bayt.HomeTest.FooterTest - Navigated to application URL
14:30:03.952 [main] DEBUG com.Bayt.HomeTest.FooterTest - Browser got closed
14:39:51.839 [main] DEBUG com.Bayt.HomeTest.FooterTest - Navigated to application URL
14:39:59.368 [main] DEBUG com.Bayt.HomeTest.FooterTest - Browser got closed
14:48:27.148 [main] DEBUG com.Bayt.HomeTest.FooterTest - Navigated to application URL
14:48:35.881 [main] DEBUG com.Bayt.HomeTest.FooterTest - Browser got closed
14:51:48.179 [main] DEBUG com.Bayt.HomeTest.FooterTest - Navigated to application URL
14:51:55.361 [main] DEBUG com.Bayt.HomeTest.FooterTest - Browser got closed
15:05:25.182 [main] DEBUG com.Bayt.HomeTest.FooterTest - Navigated to application URL
15:07:09.118 [main] DEBUG com.Bayt.HomeTest.FooterTest - clicked on About Us
15:07:09.122 [main] DEBUG com.Bayt.HomeTest.FooterTest - Browser got closed
23:23:19.343 [main] DEBUG com.Bayt.HomeTest.FooterTest - Navigated to application URL
23:23:29.761 [main] DEBUG com.Bayt.HomeTest.FooterTest - Browser got closed
23:23:37.678 [main] DEBUG com.Bayt.HomePageOpject.HomeHeaderAsGuestPage - Navigated to logo
23:23:38.601 [main] DEBUG com.Bayt.HomePageOpject.HomeHeaderAsGuestPage - Navigated to FindJobs
23:23:53.881 [main] DEBUG com.Bayt.HomePageOpject.HomeHeaderAsGuestPage - Navigated to Arabic
01:58:33.498 [main] DEBUG com.Bayt.HomeTest.FooterTest - Navigated to application URL
01:58:44.163 [main] DEBUG com.Bayt.HomeTest.FooterTest - Browser got closed
02:00:39.253 [main] DEBUG com.Bayt.HomeTest.FooterTest - Navigated to application URL
02:01:16.805 [main] DEBUG com.Bayt.HomeTest.FooterTest - Browser got closed
02:02:43.950 [main] DEBUG com.Bayt.HomeTest.FooterTest - Navigated to application URL
02:03:04.197 [main] DEBUG com.Bayt.HomeTest.FooterTest - Browser got closed
02:05:19.392 [main] DEBUG com.Bayt.HomeTest.FooterTest - Navigated to application URL
02:05:42.150 [main] DEBUG com.Bayt.HomeTest.FooterTest - Browser got closed
02:06:36.419 [main] DEBUG com.Bayt.HomeTest.FooterTest - Navigated to application URL
02:07:01.490 [main] DEBUG com.Bayt.HomeTest.FooterTest - Browser got closed
02:07:55.410 [main] DEBUG com.Bayt.HomeTest.FooterTest - Navigated to application URL
02:08:31.612 [main] DEBUG com.Bayt.HomeTest.FooterTest - Browser got closed
